#
# A fatal error has been detected by the Java Runtime Environment:
#
#  SIGSEGV (0xb) at pc=0x000000010402317c, pid=25720, tid=18691
#
# JRE version: Java(TM) SE Runtime Environment (8.0_31-b13) (build 1.8.0_31-b13)
# Java VM: Java HotSpot(TM) 64-Bit Server VM (25.31-b07 mixed mode bsd-amd64 compressed oops)
# Problematic frame:
# V  [libjvm.dylib+0x42317c]
#
# Failed to write core dump. Core dumps have been disabled. To enable core dumping, try "ulimit -c unlimited" before starting Java again
#
# If you would like to submit a bug report, please visit:
#   http://bugreport.java.com/bugreport/crash.jsp
#

---------------  T H R E A D  ---------------

Current thread (0x00007fd4b780c800):  JavaThread "JDWP Transport Listener: dt_socket" daemon [_thread_in_vm, id=18691, stack(0x0000000122163000,0x0000000122263000)]

siginfo: si_signo: 11 (SIGSEGV), si_code: 0 (unknown), si_addr: 0x0000000000000000

Registers:
RAX=0x0000000000000001, RBX=0x0000000122262a8b, RCX=0x00000001043d7c70, RDX=0x0000000122262a8b
RSP=0x00000001222629d0, RBP=0x00000001222629e0, RSI=0x00007fd4b780c800, RDI=0x0006000000000000
R8 =0x0000000000000000, R9 =0x00007fd4b3700000, R10=0x0000000000000010, R11=0x00007fd4b3700000
R12=0x00007fd4b780c800, R13=0x0006000000000000, R14=0x0006000000000000, R15=0x00007fd4b3701780
RIP=0x000000010402317c, EFLAGS=0x0000000000010206, ERR=0x0000000000000000
  TRAPNO=0x000000000000000d

Top of Stack: (sp=0x00000001222629d0)
0x00000001222629d0:   0000000122262a8b 0000000122262a8b
0x00000001222629e0:   0000000122262a40 0000000103f3519e
0x00000001222629f0:   00007fd4b780c800 0000000000000000
0x0000000122262a00:   0000000000000000 0000000000000000
0x0000000122262a10:   00007fd4b780c800 00007fd4b780c800
0x0000000122262a20:   0000000122262a8b 0000000122262a90
0x0000000122262a30:   0006000000000000 000000000000000b
0x0000000122262a40:   0000000122262a60 0000000104b3f7dc
0x0000000122262a50:   0000000000000001 0000000122262b08
0x0000000122262a60:   0000000122262ad0 0000000104b24263
0x0000000122262a70:   0000000122262aa0 00007fd4b3711a00
0x0000000122262a80:   0000000c00000032 0000000800262b08
0x0000000122262a90:   0000000000000000 0000000000000000
0x0000000122262aa0:   0000000000000000 0000000122262c90
0x0000000122262ab0:   0000000104b46eca 00007fd4b371d490
0x0000000122262ac0:   0000000122262b08 0000000104b52588
0x0000000122262ad0:   0000000122262ae0 0000000104b2435c
0x0000000122262ae0:   0000000122262d00 0000000104b2d8f6
0x0000000122262af0:   00004c0600000013 00000000000f0200
0x0000000122262b00:   00007fd4b3726040 00007fd4b3725d39
0x0000000122262b10:   00007fd40000015f 00007fd4b3725ea0
0x0000000122262b20:   00007fd40000012c 0000000122262b58
0x0000000122262b30:   00007fd4b3725ea0 00007f0000000000
0x0000000122262b40:   00004c060000000f 00007fff0000ef80
0x0000000122262b50:   0000000122262b58 d47f00000c000000
0x0000000122262b60:   06000000e0b971b3 00003e74696e693c
0x0000000122262b70:   0000005629280300 7f00000100000000
0x0000000122262b80:   000000f0b971b3d4 0000006e69616d04
0x0000000122262b90:   6176616a4c5b2816 74532f676e616c2f
0x0000000122262ba0:   0056293b676e6972 0009000000000000
0x0000000122262bb0:   00f8b971b3d47f00 0074696e69040000
0x0000000122262bc0:   0000562928030000 0000090000000000 

Instructions: (pc=0x000000010402317c)
0x000000010402315c:   40 48 48 85 c0 75 e0 30 c0 0f b6 c0 5d c3 31 c0
0x000000010402316c:   5d c3 55 48 89 e5 53 48 83 ec 08 48 85 ff 74 24
0x000000010402317c:   48 8b 1f 48 85 db 74 1c 48 83 fb 37 74 16 48 8b
0x000000010402318c:   03 48 89 df ff 50 10 84 c0 b8 00 00 00 00 48 0f 

Register to memory mapping:

RAX=0x0000000000000001 is an unknown value
RBX=0x0000000122262a8b is pointing into the stack for thread: 0x00007fd4b780c800
RCX=0x00000001043d7c70: UseMembar+0 in /Library/Java/JavaVirtualMachines/jdk1.8.0_31.jdk/Contents/Home/jre/lib/server/libjvm.dylib at 0x0000000103c00000
RDX=0x0000000122262a8b is pointing into the stack for thread: 0x00007fd4b780c800
RSP=0x00000001222629d0 is pointing into the stack for thread: 0x00007fd4b780c800
RBP=0x00000001222629e0 is pointing into the stack for thread: 0x00007fd4b780c800
RSI=0x00007fd4b780c800 is a thread
RDI=0x0006000000000000 is an unknown value
R8 =0x0000000000000000 is an unknown value
R9 =0x00007fd4b3700000 is an unknown value
R10=0x0000000000000010 is an unknown value
R11=0x00007fd4b3700000 is an unknown value
R12=0x00007fd4b780c800 is a thread
R13=0x0006000000000000 is an unknown value
R14=0x0006000000000000 is an unknown value
R15=0x00007fd4b3701780 is an unknown value


Stack: [0x0000000122163000,0x0000000122263000],  sp=0x00000001222629d0,  free space=1022k
Native frames: (J=compiled Java code, j=interpreted, Vv=VM code, C=native code)
V  [libjvm.dylib+0x42317c]
V  [libjvm.dylib+0x33519e]
C  [libjdwp.dylib+0x207dc]  isMethodSynthetic+0x63
C  [libjdwp.dylib+0x5263]  methods1+0x10b
C  [libjdwp.dylib+0x535c]  methodsWithGeneric+0xe
C  [libjdwp.dylib+0xe8f6]  debugLoop_run+0x1ce
C  [libjdwp.dylib+0x1f716]  attachThread+0x4d
V  [libjvm.dylib+0x3761fe]
V  [libjvm.dylib+0x5360cf]
V  [libjvm.dylib+0x53780c]
V  [libjvm.dylib+0x45d772]
C  [libsystem_pthread.dylib+0x3268]  _pthread_body+0x83
C  [libsystem_pthread.dylib+0x31e5]  _pthread_body+0x0
C  [libsystem_pthread.dylib+0x141d]  thread_start+0xd
C  0x0000000000000000


---------------  P R O C E S S  ---------------

Java Threads: ( => current thread )
  0x00007fd4b6030000 JavaThread "Service Thread" daemon [_thread_blocked, id=22275, stack(0x0000000122878000,0x0000000122978000)]
  0x00007fd4b4808000 JavaThread "C1 CompilerThread3" daemon [_thread_blocked, id=21763, stack(0x0000000122775000,0x0000000122875000)]
  0x00007fd4b7004000 JavaThread "C2 CompilerThread2" daemon [_thread_blocked, id=21251, stack(0x0000000122672000,0x0000000122772000)]
  0x00007fd4b7003800 JavaThread "C2 CompilerThread1" daemon [_thread_blocked, id=20739, stack(0x000000012256f000,0x000000012266f000)]
  0x00007fd4b6800000 JavaThread "C2 CompilerThread0" daemon [_thread_blocked, id=20227, stack(0x000000012246c000,0x000000012256c000)]
  0x00007fd4b780e000 JavaThread "JDWP Command Reader" daemon [_thread_in_native, id=19715, stack(0x0000000122369000,0x0000000122469000)]
  0x00007fd4b780d800 JavaThread "JDWP Event Helper Thread" daemon [_thread_blocked, id=19203, stack(0x0000000122266000,0x0000000122366000)]
=>0x00007fd4b780c800 JavaThread "JDWP Transport Listener: dt_socket" daemon [_thread_in_vm, id=18691, stack(0x0000000122163000,0x0000000122263000)]
  0x00007fd4b3867800 JavaThread "Signal Dispatcher" daemon [_thread_blocked, id=15127, stack(0x0000000122059000,0x0000000122159000)]
  0x00007fd4b502f000 JavaThread "Finalizer" daemon [_thread_blocked, id=13571, stack(0x000000012063c000,0x000000012073c000)]
  0x00007fd4b3838800 JavaThread "Reference Handler" daemon [_thread_blocked, id=13059, stack(0x0000000120539000,0x0000000120639000)]
  0x00007fd4b501f800 JavaThread "main" [_thread_blocked, id=4867, stack(0x0000000102a96000,0x0000000102b96000)]

Other Threads:
  0x00007fd4b481f800 VMThread [stack: 0x0000000120436000,0x0000000120536000] [id=12547]
  0x00007fd4b502f800 WatcherThread [stack: 0x000000012297b000,0x0000000122a7b000] [id=22787]

VM state:not at safepoint (normal execution)

VM Mutex/Monitor currently owned by a thread: None

Heap:
 PSYoungGen      total 76288K, used 7865K [0x000000076ab00000, 0x0000000770000000, 0x00000007c0000000)
  eden space 65536K, 12% used [0x000000076ab00000,0x000000076b2ae638,0x000000076eb00000)
  from space 10752K, 0% used [0x000000076f580000,0x000000076f580000,0x0000000770000000)
  to   space 10752K, 0% used [0x000000076eb00000,0x000000076eb00000,0x000000076f580000)
 ParOldGen       total 175104K, used 0K [0x00000006c0000000, 0x00000006cab00000, 0x000000076ab00000)
  object space 175104K, 0% used [0x00000006c0000000,0x00000006c0000000,0x00000006cab00000)
 Metaspace       used 4624K, capacity 4838K, committed 4992K, reserved 1056768K
  class space    used 527K, capacity 543K, committed 640K, reserved 1048576K

Card table byte_map: [0x0000000113f2a000,0x000000011472b000] byte_map_base: 0x000000011092a000

Marking Bits: (ParMarkBitMap*) 0x000000010449e410
 Begin Bits: [0x0000000115499000, 0x0000000119499000)
 End Bits:   [0x0000000119499000, 0x000000011d499000)

Polling page: 0x0000000102bda000

CodeCache: size=245760Kb used=1598Kb max_used=1606Kb free=244161Kb
 bounds [0x0000000104b6a000, 0x0000000104dda000, 0x0000000113b6a000]
 total_blobs=524 nmethods=258 adapters=189
 compilation: enabled

Compilation events (10 events):
Event: 28.859 Thread 0x00007fd4b4808000  254       3       jdk.internal.org.objectweb.asm.ClassWriter::newClassItem (70 bytes)
Event: 28.859 Thread 0x00007fd4b7004000  257       4       java.lang.Math::min (11 bytes)
Event: 28.859 Thread 0x00007fd4b4808000 nmethod 254 0x0000000104cf84d0 code [0x0000000104cf86a0, 0x0000000104cf8af8]
Event: 28.859 Thread 0x00007fd4b4808000  255       3       java.lang.invoke.MemberName::isResolved (13 bytes)
Event: 28.859 Thread 0x00007fd4b4808000 nmethod 255 0x0000000104cf8cd0 code [0x0000000104cf8e40, 0x0000000104cf8ff0]
Event: 28.859 Thread 0x00007fd4b4808000  256       1       java.lang.invoke.MethodHandle::type (5 bytes)
Event: 28.859 Thread 0x00007fd4b7004000 nmethod 257 0x0000000104cfbc90 code [0x0000000104cfbdc0, 0x0000000104cfbdf8]
Event: 28.859 Thread 0x00007fd4b4808000 nmethod 256 0x0000000104cfb9d0 code [0x0000000104cfbb20, 0x0000000104cfbc30]
Event: 64.644 Thread 0x00007fd4b4808000  258       3       java.lang.invoke.LambdaForm::argument (35 bytes)
Event: 64.645 Thread 0x00007fd4b4808000 nmethod 258 0x0000000104cfb110 code [0x0000000104cfb2c0, 0x0000000104cfb798]

GC Heap History (0 events):
No events

Deoptimization events (0 events):
No events

Internal exceptions (10 events):
Event: 0.146 Thread 0x00007fd4b501f800 Exception <a 'java/security/PrivilegedActionException'> (0x000000076b02f0d8) thrown at [/Users/java_re/workspace/8-2-build-macosx-x86_64/jdk8u31/2394/hotspot/src/share/vm/prims/jvm.cpp, line 1312]
Event: 0.152 Thread 0x00007fd4b501f800 Exception <a 'java/security/PrivilegedActionException'> (0x000000076b0486f8) thrown at [/Users/java_re/workspace/8-2-build-macosx-x86_64/jdk8u31/2394/hotspot/src/share/vm/prims/jvm.cpp, line 1312]
Event: 0.152 Thread 0x00007fd4b501f800 Exception <a 'java/security/PrivilegedActionException'> (0x000000076b04b458) thrown at [/Users/java_re/workspace/8-2-build-macosx-x86_64/jdk8u31/2394/hotspot/src/share/vm/prims/jvm.cpp, line 1312]
Event: 0.152 Thread 0x00007fd4b501f800 Exception <a 'java/security/PrivilegedActionException'> (0x000000076b051788) thrown at [/Users/java_re/workspace/8-2-build-macosx-x86_64/jdk8u31/2394/hotspot/src/share/vm/prims/jvm.cpp, line 1312]
Event: 0.153 Thread 0x00007fd4b501f800 Exception <a 'java/security/PrivilegedActionException'> (0x000000076b054680) thrown at [/Users/java_re/workspace/8-2-build-macosx-x86_64/jdk8u31/2394/hotspot/src/share/vm/prims/jvm.cpp, line 1312]
Event: 0.161 Thread 0x00007fd4b501f800 Exception <a 'java/security/PrivilegedActionException'> (0x000000076b07f248) thrown at [/Users/java_re/workspace/8-2-build-macosx-x86_64/jdk8u31/2394/hotspot/src/share/vm/prims/jvm.cpp, line 1312]
Event: 0.175 Thread 0x00007fd4b501f800 Exception <a 'java/lang/ClassNotFoundException': java/lang/Null> (0x000000076b09ca00) thrown at [/Users/java_re/workspace/8-2-build-macosx-x86_64/jdk8u31/2394/hotspot/src/share/vm/classfile/systemDictionary.cpp, line 202]
Event: 0.192 Thread 0x00007fd4b501f800 Exception <a 'java/lang/NoSuchFieldError': method resolution failed> (0x000000076b101098) thrown at [/Users/java_re/workspace/8-2-build-macosx-x86_64/jdk8u31/2394/hotspot/src/share/vm/prims/methodHandles.cpp, line 1159]
Event: 0.194 Thread 0x00007fd4b501f800 Exception <a 'java/lang/NoSuchFieldError': method resolution failed> (0x000000076b10fc30) thrown at [/Users/java_re/workspace/8-2-build-macosx-x86_64/jdk8u31/2394/hotspot/src/share/vm/prims/methodHandles.cpp, line 1159]
Event: 0.195 Thread 0x00007fd4b501f800 Exception <a 'java/lang/NoSuchFieldError': method resolution failed> (0x000000076b112d90) thrown at [/Users/java_re/workspace/8-2-build-macosx-x86_64/jdk8u31/2394/hotspot/src/share/vm/prims/methodHandles.cpp, line 1159]

Events (10 events):
Event: 719.344 Executing VM operation: ChangeBreakpoints
Event: 719.344 Executing VM operation: ChangeBreakpoints done
Event: 720.362 Executing VM operation: ChangeBreakpoints
Event: 720.362 Executing VM operation: ChangeBreakpoints done
Event: 720.363 Executing VM operation: ChangeBreakpoints
Event: 720.363 Executing VM operation: ChangeBreakpoints done
Event: 789.537 Executing VM operation: ChangeBreakpoints
Event: 789.537 Executing VM operation: ChangeBreakpoints done
Event: 789.539 Executing VM operation: RedefineClasses
Event: 789.541 Executing VM operation: RedefineClasses done


Dynamic libraries:
0x00000000086c5000 	/System/Library/Frameworks/Cocoa.framework/Versions/A/Cocoa
0x00000000086c5000 	/System/Library/Frameworks/Security.framework/Versions/A/Security
0x00000000086c5000 	/System/Library/Frameworks/ApplicationServices.framework/Versions/A/ApplicationServices
0x00000000086c5000 	/usr/lib/libz.1.dylib
0x00000000086c5000 	/usr/lib/libSystem.B.dylib
0x00000000086c5000 	/usr/lib/libobjc.A.dylib
0x00000000086c5000 	/System/Library/Frameworks/CoreFoundation.framework/Versions/A/CoreFoundation
0x00000000086c5000 	/System/Library/Frameworks/Foundation.framework/Versions/C/Foundation
0x00000000086c5000 	/System/Library/Frameworks/AppKit.framework/Versions/C/AppKit
0x00000000086c5000 	/System/Library/Frameworks/CoreData.framework/Versions/A/CoreData
0x00000000086c5000 	/System/Library/PrivateFrameworks/RemoteViewServices.framework/Versions/A/RemoteViewServices
0x00000000086c5000 	/System/Library/PrivateFrameworks/UIFoundation.framework/Versions/A/UIFoundation
0x00000000086c5000 	/System/Library/Frameworks/IOSurface.framework/Versions/A/IOSurface
0x00000000086c5000 	/System/Library/Frameworks/AudioToolbox.framework/Versions/A/AudioToolbox
0x00000000086c5000 	/System/Library/Frameworks/AudioUnit.framework/Versions/A/AudioUnit
0x00000000086c5000 	/System/Library/PrivateFrameworks/DataDetectorsCore.framework/Versions/A/DataDetectorsCore
0x00000000086c5000 	/System/Library/PrivateFrameworks/DesktopServicesPriv.framework/Versions/A/DesktopServicesPriv
0x00000000086c5000 	/System/Library/Frameworks/Carbon.framework/Versions/A/Frameworks/HIToolbox.framework/Versions/A/HIToolbox
0x00000000086c5000 	/System/Library/Frameworks/QuartzCore.framework/Versions/A/QuartzCore
0x00000000086c5000 	/System/Library/Frameworks/Carbon.framework/Versions/A/Frameworks/SpeechRecognition.framework/Versions/A/SpeechRecognition
0x00000000086c5000 	/usr/lib/libauto.dylib
0x00000000086c5000 	/usr/lib/libicucore.A.dylib
0x00000000086c5000 	/usr/lib/libxml2.2.dylib
0x00000000086c5000 	/System/Library/PrivateFrameworks/CoreUI.framework/Versions/A/CoreUI
0x00000000086c5000 	/System/Library/Frameworks/CoreAudio.framework/Versions/A/CoreAudio
0x00000000086c5000 	/System/Library/Frameworks/DiskArbitration.framework/Versions/A/DiskArbitration
0x00000000086c5000 	/usr/lib/liblangid.dylib
0x00000000086c5000 	/System/Library/PrivateFrameworks/MultitouchSupport.framework/Versions/A/MultitouchSupport
0x00000000086c5000 	/System/Library/Frameworks/IOKit.framework/Versions/A/IOKit
0x00000000086c5000 	/usr/lib/libDiagnosticMessagesClient.dylib
0x00000000086c5000 	/System/Library/Frameworks/CoreServices.framework/Versions/A/CoreServices
0x00000000086c5000 	/System/Library/PrivateFrameworks/PerformanceAnalysis.framework/Versions/A/PerformanceAnalysis
0x00000000086c5000 	/System/Library/PrivateFrameworks/GenerationalStorage.framework/Versions/A/GenerationalStorage
0x00000000086c5000 	/System/Library/Frameworks/OpenGL.framework/Versions/A/OpenGL
0x00000000086c5000 	/System/Library/PrivateFrameworks/Sharing.framework/Versions/A/Sharing
0x00000000086c5000 	/System/Library/Frameworks/CoreGraphics.framework/Versions/A/CoreGraphics
0x00000000086c5000 	/System/Library/Frameworks/CoreText.framework/Versions/A/CoreText
0x00000000086c5000 	/System/Library/Frameworks/ImageIO.framework/Versions/A/ImageIO
0x00000000086c5000 	/usr/lib/libextension.dylib
0x00000000086c5000 	/System/Library/PrivateFrameworks/Backup.framework/Versions/A/Backup
0x00000000086c5000 	/usr/lib/libarchive.2.dylib
0x00000000086c5000 	/System/Library/Frameworks/CFNetwork.framework/Versions/A/CFNetwork
0x00000000086c5000 	/System/Library/Frameworks/SystemConfiguration.framework/Versions/A/SystemConfiguration
0x00000000086c5000 	/usr/lib/libCRFSuite.dylib
0x00000000086c5000 	/usr/lib/libc++.1.dylib
0x00000000086c5000 	/usr/lib/libc++abi.dylib
0x00000000086c5000 	/usr/lib/system/libcache.dylib
0x00000000086c5000 	/usr/lib/system/libcommonCrypto.dylib
0x00000000086c5000 	/usr/lib/system/libcompiler_rt.dylib
0x00000000086c5000 	/usr/lib/system/libcopyfile.dylib
0x00000000086c5000 	/usr/lib/system/libcorecrypto.dylib
0x00000000086c5000 	/usr/lib/system/libdispatch.dylib
0x00000000086c5000 	/usr/lib/system/libdyld.dylib
0x00000000086c5000 	/usr/lib/system/libkeymgr.dylib
0x00000000086c5000 	/usr/lib/system/liblaunch.dylib
0x00000000086c5000 	/usr/lib/system/libmacho.dylib
0x00000000086c5000 	/usr/lib/system/libquarantine.dylib
0x00000000086c5000 	/usr/lib/system/libremovefile.dylib
0x00000000086c5000 	/usr/lib/system/libsystem_asl.dylib
0x00000000086c5000 	/usr/lib/system/libsystem_blocks.dylib
0x00000000086c5000 	/usr/lib/system/libsystem_c.dylib
0x00000000086c5000 	/usr/lib/system/libsystem_configuration.dylib
0x00000000086c5000 	/usr/lib/system/libsystem_coreservices.dylib
0x00000000086c5000 	/usr/lib/system/libsystem_coretls.dylib
0x00000000086c5000 	/usr/lib/system/libsystem_dnssd.dylib
0x00000000086c5000 	/usr/lib/system/libsystem_info.dylib
0x00000000086c5000 	/usr/lib/system/libsystem_kernel.dylib
0x00000000086c5000 	/usr/lib/system/libsystem_m.dylib
0x00000000086c5000 	/usr/lib/system/libsystem_malloc.dylib
0x00000000086c5000 	/usr/lib/system/libsystem_network.dylib
0x00000000086c5000 	/usr/lib/system/libsystem_networkextension.dylib
0x00000000086c5000 	/usr/lib/system/libsystem_notify.dylib
0x00000000086c5000 	/usr/lib/system/libsystem_platform.dylib
0x00000000086c5000 	/usr/lib/system/libsystem_pthread.dylib
0x00000000086c5000 	/usr/lib/system/libsystem_sandbox.dylib
0x00000000086c5000 	/usr/lib/system/libsystem_secinit.dylib
0x00000000086c5000 	/usr/lib/system/libsystem_stats.dylib
0x00000000086c5000 	/usr/lib/system/libsystem_trace.dylib
0x00000000086c5000 	/usr/lib/system/libunc.dylib
0x00000000086c5000 	/usr/lib/system/libunwind.dylib
0x00000000086c5000 	/usr/lib/system/libxpc.dylib
0x00000000086c5000 	/usr/lib/libbz2.1.0.dylib
0x00000000086c5000 	/usr/lib/liblzma.5.dylib
0x00000000086c5000 	/usr/lib/libbsm.0.dylib
0x00000000086c5000 	/usr/lib/libsqlite3.dylib
0x00000000086c5000 	/usr/lib/system/libkxld.dylib
0x00000000086c5000 	/usr/lib/libxar.1.dylib
0x00000000086c5000 	/usr/lib/libpam.2.dylib
0x00000000086c5000 	/usr/lib/libOpenScriptingUtil.dylib
0x00000000086c5000 	/System/Library/Frameworks/CoreServices.framework/Versions/A/Frameworks/FSEvents.framework/Versions/A/FSEvents
0x00000000086c5000 	/System/Library/Frameworks/CoreServices.framework/Versions/A/Frameworks/CarbonCore.framework/Versions/A/CarbonCore
0x00000000086c5000 	/System/Library/Frameworks/CoreServices.framework/Versions/A/Frameworks/Metadata.framework/Versions/A/Metadata
0x00000000086c5000 	/System/Library/Frameworks/CoreServices.framework/Versions/A/Frameworks/OSServices.framework/Versions/A/OSServices
0x00000000086c5000 	/System/Library/Frameworks/CoreServices.framework/Versions/A/Frameworks/SearchKit.framework/Versions/A/SearchKit
0x00000000086c5000 	/System/Library/Frameworks/CoreServices.framework/Versions/A/Frameworks/AE.framework/Versions/A/AE
0x00000000086c5000 	/System/Library/Frameworks/CoreServices.framework/Versions/A/Frameworks/LaunchServices.framework/Versions/A/LaunchServices
0x00000000086c5000 	/System/Library/Frameworks/CoreServices.framework/Versions/A/Frameworks/DictionaryServices.framework/Versions/A/DictionaryServices
0x00000000086c5000 	/System/Library/Frameworks/NetFS.framework/Versions/A/NetFS
0x00000000086c5000 	/System/Library/PrivateFrameworks/NetAuth.framework/Versions/A/NetAuth
0x00000000086c5000 	/System/Library/PrivateFrameworks/login.framework/Versions/A/Frameworks/loginsupport.framework/Versions/A/loginsupport
0x00000000086c5000 	/System/Library/PrivateFrameworks/TCC.framework/Versions/A/TCC
0x00000000086c5000 	/usr/lib/libmecabra.dylib
0x00000000086c5000 	/System/Library/Frameworks/ApplicationServices.framework/Versions/A/Frameworks/ATS.framework/Versions/A/ATS
0x00000000086c5000 	/System/Library/Frameworks/ApplicationServices.framework/Versions/A/Frameworks/ColorSync.framework/Versions/A/ColorSync
0x00000000086c5000 	/System/Library/Frameworks/ApplicationServices.framework/Versions/A/Frameworks/HIServices.framework/Versions/A/HIServices
0x00000000086c5000 	/System/Library/Frameworks/ApplicationServices.framework/Versions/A/Frameworks/LangAnalysis.framework/Versions/A/LangAnalysis
0x00000000086c5000 	/System/Library/Frameworks/ApplicationServices.framework/Versions/A/Frameworks/PrintCore.framework/Versions/A/PrintCore
0x00000000086c5000 	/System/Library/Frameworks/ApplicationServices.framework/Versions/A/Frameworks/QD.framework/Versions/A/QD
0x00000000086c5000 	/System/Library/Frameworks/ApplicationServices.framework/Versions/A/Frameworks/SpeechSynthesis.framework/Versions/A/SpeechSynthesis
0x00000000086c5000 	/System/Library/Frameworks/Accelerate.framework/Versions/A/Accelerate
0x00000000086c5000 	/System/Library/Frameworks/Accelerate.framework/Versions/A/Frameworks/vImage.framework/Versions/A/vImage
0x00000000086c5000 	/System/Library/Frameworks/Accelerate.framework/Versions/A/Frameworks/vecLib.framework/Versions/A/vecLib
0x00000000086c5000 	/System/Library/Frameworks/Accelerate.framework/Versions/A/Frameworks/vecLib.framework/Versions/A/libvDSP.dylib
0x00000000086c5000 	/System/Library/Frameworks/Accelerate.framework/Versions/A/Frameworks/vecLib.framework/Versions/A/libvMisc.dylib
0x00000000086c5000 	/System/Library/Frameworks/Accelerate.framework/Versions/A/Frameworks/vecLib.framework/Versions/A/libLAPACK.dylib
0x00000000086c5000 	/System/Library/Frameworks/Accelerate.framework/Versions/A/Frameworks/vecLib.framework/Versions/A/libBLAS.dylib
0x00000000086c5000 	/System/Library/Frameworks/Accelerate.framework/Versions/A/Frameworks/vecLib.framework/Versions/A/libLinearAlgebra.dylib
0x00000000086c5000 	/System/Library/Frameworks/ApplicationServices.framework/Versions/A/Frameworks/ATS.framework/Versions/A/Resources/libFontParser.dylib
0x00000000086c5000 	/System/Library/Frameworks/ApplicationServices.framework/Versions/A/Frameworks/ATS.framework/Versions/A/Resources/libFontRegistry.dylib
0x00000000086c5000 	/System/Library/PrivateFrameworks/AppleVPA.framework/Versions/A/AppleVPA
0x00000000086c5000 	/System/Library/PrivateFrameworks/AppleJPEG.framework/Versions/A/AppleJPEG
0x00000000086c5000 	/System/Library/Frameworks/ImageIO.framework/Versions/A/Resources/libJPEG.dylib
0x00000000086c5000 	/System/Library/Frameworks/ImageIO.framework/Versions/A/Resources/libTIFF.dylib
0x00000000086c5000 	/System/Library/Frameworks/ImageIO.framework/Versions/A/Resources/libPng.dylib
0x00000000086c5000 	/System/Library/Frameworks/ImageIO.framework/Versions/A/Resources/libGIF.dylib
0x00000000086c5000 	/System/Library/Frameworks/ImageIO.framework/Versions/A/Resources/libJP2.dylib
0x00000000086c5000 	/System/Library/Frameworks/ImageIO.framework/Versions/A/Resources/libRadiance.dylib
0x00000000086c5000 	/System/Library/Frameworks/CoreVideo.framework/Versions/A/CoreVideo
0x00000000086c5000 	/System/Library/Frameworks/OpenGL.framework/Versions/A/Libraries/libGLU.dylib
0x00000000086c5000 	/System/Library/Frameworks/OpenGL.framework/Versions/A/Libraries/libGFXShared.dylib
0x00000000086c5000 	/System/Library/Frameworks/OpenGL.framework/Versions/A/Libraries/libGL.dylib
0x00000000086c5000 	/System/Library/Frameworks/OpenGL.framework/Versions/A/Libraries/libGLImage.dylib
0x00000000086c5000 	/System/Library/Frameworks/OpenGL.framework/Versions/A/Libraries/libCVMSPluginSupport.dylib
0x00000000086c5000 	/System/Library/Frameworks/OpenGL.framework/Versions/A/Libraries/libCoreVMClient.dylib
0x00000000086c5000 	/usr/lib/libcups.2.dylib
0x00000000086c5000 	/System/Library/Frameworks/Kerberos.framework/Versions/A/Kerberos
0x00000000086c5000 	/System/Library/Frameworks/GSS.framework/Versions/A/GSS
0x00000000086c5000 	/usr/lib/libresolv.9.dylib
0x00000000086c5000 	/usr/lib/libiconv.2.dylib
0x00000000086c5000 	/System/Library/PrivateFrameworks/Heimdal.framework/Versions/A/Heimdal
0x00000000086c5000 	/usr/lib/libheimdal-asn1.dylib
0x00000000086c5000 	/System/Library/Frameworks/OpenDirectory.framework/Versions/A/OpenDirectory
0x00000000086c5000 	/System/Library/PrivateFrameworks/CommonAuth.framework/Versions/A/CommonAuth
0x00000000086c5000 	/System/Library/Frameworks/OpenDirectory.framework/Versions/A/Frameworks/CFOpenDirectory.framework/Versions/A/CFOpenDirectory
0x00000000086c5000 	/System/Library/Frameworks/SecurityFoundation.framework/Versions/A/SecurityFoundation
0x00000000086c5000 	/System/Library/PrivateFrameworks/LanguageModeling.framework/Versions/A/LanguageModeling
0x00000000086c5000 	/usr/lib/libcmph.dylib
0x00000000086c5000 	/System/Library/Frameworks/ServiceManagement.framework/Versions/A/ServiceManagement
0x00000000086c5000 	/usr/lib/libxslt.1.dylib
0x00000000086c5000 	/System/Library/Frameworks/Carbon.framework/Versions/A/Frameworks/Ink.framework/Versions/A/Ink
0x00000000086c5000 	/System/Library/Frameworks/QuartzCore.framework/Versions/A/Frameworks/CoreImage.framework/Versions/A/CoreImage
0x00000000086c5000 	/System/Library/PrivateFrameworks/CrashReporterSupport.framework/Versions/A/CrashReporterSupport
0x00000000086c5000 	/System/Library/Frameworks/OpenCL.framework/Versions/A/OpenCL
0x00000000086c5000 	/System/Library/PrivateFrameworks/FaceCore.framework/Versions/A/FaceCore
0x00000000086c5000 	/System/Library/PrivateFrameworks/Ubiquity.framework/Versions/A/Ubiquity
0x00000000086c5000 	/System/Library/PrivateFrameworks/IconServices.framework/Versions/A/IconServices
0x00000000086c5000 	/System/Library/PrivateFrameworks/ChunkingLibrary.framework/Versions/A/ChunkingLibrary
0x00000000086c5000 	/System/Library/PrivateFrameworks/Apple80211.framework/Versions/A/Apple80211
0x00000000086c5000 	/System/Library/Frameworks/CoreWLAN.framework/Versions/A/CoreWLAN
0x00000000086c5000 	/System/Library/Frameworks/IOBluetooth.framework/Versions/A/IOBluetooth
0x00000000086c5000 	/System/Library/PrivateFrameworks/CoreWiFi.framework/Versions/A/CoreWiFi
0x00000000086c5000 	/System/Library/Frameworks/CoreBluetooth.framework/Versions/A/CoreBluetooth
0x00000000086c5000 	/System/Library/PrivateFrameworks/DebugSymbols.framework/Versions/A/DebugSymbols
0x00000000086c5000 	/System/Library/PrivateFrameworks/CoreSymbolication.framework/Versions/A/CoreSymbolication
0x00000000086c5000 	/System/Library/PrivateFrameworks/Symbolication.framework/Versions/A/Symbolication
0x00000000086c5000 	/System/Library/PrivateFrameworks/SpeechRecognitionCore.framework/Versions/A/SpeechRecognitionCore
0x0000000103c00000 	/Library/Java/JavaVirtualMachines/jdk1.8.0_31.jdk/Contents/Home/jre/lib/server/libjvm.dylib
0x00000000086c5000 	/usr/lib/libstdc++.6.dylib
0x0000000102b98000 	/Library/Java/JavaVirtualMachines/jdk1.8.0_31.jdk/Contents/Home/jre/lib/libverify.dylib
0x0000000102ba6000 	/Library/Java/JavaVirtualMachines/jdk1.8.0_31.jdk/Contents/Home/jre/lib/libjava.dylib
0x0000000104b1f000 	/Library/Java/JavaVirtualMachines/jdk1.8.0_31.jdk/Contents/Home/jre/lib/libjdwp.dylib
0x0000000102bdb000 	/Library/Java/JavaVirtualMachines/jdk1.8.0_31.jdk/Contents/Home/jre/lib/libnpt.dylib
0x0000000102be8000 	/Library/Java/JavaVirtualMachines/jdk1.8.0_31.jdk/Contents/Home/jre/lib/libzip.dylib
0x000000012073e000 	/System/Library/Frameworks/JavaVM.framework/Frameworks/JavaRuntimeSupport.framework/JavaRuntimeSupport
0x0000000120756000 	/System/Library/Frameworks/JavaVM.framework/Versions/A/Frameworks/JavaNativeFoundation.framework/Versions/A/JavaNativeFoundation
0x0000000102bf2000 	/System/Library/Frameworks/JavaVM.framework/Versions/A/JavaVM
0x00000000086c5000 	/System/Library/Frameworks/Carbon.framework/Versions/A/Carbon
0x000000012076b000 	/System/Library/PrivateFrameworks/JavaLaunching.framework/Versions/A/JavaLaunching
0x00000000086c5000 	/System/Library/Frameworks/Carbon.framework/Versions/A/Frameworks/CommonPanels.framework/Versions/A/CommonPanels
0x00000000086c5000 	/System/Library/Frameworks/Carbon.framework/Versions/A/Frameworks/Help.framework/Versions/A/Help
0x00000000086c5000 	/System/Library/Frameworks/Carbon.framework/Versions/A/Frameworks/ImageCapture.framework/Versions/A/ImageCapture
0x00000000086c5000 	/System/Library/Frameworks/Carbon.framework/Versions/A/Frameworks/OpenScripting.framework/Versions/A/OpenScripting
0x00000000086c5000 	/System/Library/Frameworks/Carbon.framework/Versions/A/Frameworks/Print.framework/Versions/A/Print
0x00000000086c5000 	/System/Library/Frameworks/Carbon.framework/Versions/A/Frameworks/SecurityHI.framework/Versions/A/SecurityHI
0x000000012215b000 	/Library/Java/JavaVirtualMachines/jdk1.8.0_31.jdk/Contents/Home/jre/lib/libdt_socket.dylib
0x0000000122bc8000 	/Library/Java/JavaVirtualMachines/jdk1.8.0_31.jdk/Contents/Home/jre/lib/libnet.dylib
0x0000000122c27000 	/Library/Java/JavaVirtualMachines/jdk1.8.0_31.jdk/Contents/Home/jre/lib/libnio.dylib

VM Arguments:
jvm_args: -agentlib:jdwp=transport=dt_socket,address=127.0.0.1:53532,suspend=y,server=n -Dfile.encoding=UTF-8 
java_command: acm.tsukuba2015.E
java_class_path (initial): /Library/Java/JavaVirtualMachines/jdk1.8.0_31.jdk/Contents/Home/lib/ant-javafx.jar:/Library/Java/JavaVirtualMachines/jdk1.8.0_31.jdk/Contents/Home/lib/dt.jar:/Library/Java/JavaVirtualMachines/jdk1.8.0_31.jdk/Contents/Home/lib/javafx-mx.jar:/Library/Java/JavaVirtualMachines/jdk1.8.0_31.jdk/Contents/Home/lib/jconsole.jar:/Library/Java/JavaVirtualMachines/jdk1.8.0_31.jdk/Contents/Home/lib/sa-jdi.jar:/Library/Java/JavaVirtualMachines/jdk1.8.0_31.jdk/Contents/Home/lib/tools.jar:/Library/Java/JavaVirtualMachines/jdk1.8.0_31.jdk/Contents/Home/jre/lib/charsets.jar:/Library/Java/JavaVirtualMachines/jdk1.8.0_31.jdk/Contents/Home/jre/lib/deploy.jar:/Library/Java/JavaVirtualMachines/jdk1.8.0_31.jdk/Contents/Home/jre/lib/javaws.jar:/Library/Java/JavaVirtualMachines/jdk1.8.0_31.jdk/Contents/Home/jre/lib/jce.jar:/Library/Java/JavaVirtualMachines/jdk1.8.0_31.jdk/Contents/Home/jre/lib/jfr.jar:/Library/Java/JavaVirtualMachines/jdk1.8.0_31.jdk/Contents/Home/jre/lib/jfxswt.jar:/Library/Java/JavaVirtualMachines/jdk1.8.0_31.jdk/Contents/Home/jre/lib/jsse.jar:/Library/Java/JavaVirtualMachines/jdk1.8.0_31.jdk/Contents/Home/jre/lib/management-agent.jar:/Library/Java/JavaVirtualMachines/jdk1.8.0_31.jdk/Contents/Home/jre/lib/plugin.jar:/Library/Java/JavaVirtualMachines/jdk1.8.0_31.jdk/Contents/Home/jre/lib/resources.jar:/Library/Java/JavaVirtualMachines/jdk1.8.0_31.jdk/Contents/Home/jre/lib/rt.jar:/Library/Java/JavaVirtualMachines/jdk1.8.0_31.jdk/Contents/Home/jre/lib/ext/cldrdata.jar:/Library/Java/JavaVirtualMachines/jdk1.8.0_31.jdk/Contents/Home/jre/lib/ext/dnsns.jar:/Library/Java/JavaVirtualMachines/jdk1.8.0_31.jdk/Contents/Home/jre/lib/ext/jfxrt.jar:/Library/Java/JavaVirtualMachines/jdk1.8.0_31.jdk/Contents/Home/jre/lib/ext/localedata.jar:/Library/Java/JavaVirtualMachines/jdk1.8.0_31.jdk/Contents/Home/jre/lib/ext/nashorn.jar:/Library/Java/JavaVirtualMachines/jdk1.8.0_31.jdk/Contents/Home/jre/lib/ext/sunec.jar:/Library/Java/JavaVirtualMachines/jdk1.8.0_31.jdk/C
Launcher Type: SUN_STANDARD

Environment Variables:
PATH=/usr/local/heroku/bin:/Users/hiro/.rvm/gems/ruby-2.1.1/bin:/Users/hiro/.rvm/gems/ruby-2.1.1@global/bin:/Users/hiro/.rvm/rubies/ruby-2.1.1/bin:/Users/hiro/Library/cocos2d-x-3.6/templates:/Users/hiro/Library/cocos2d-x-3.6/tools/cocos2d-console/bin:/Users/hiro/torch/install/bin:/Users/hiro/Applications/cocos2d-x-3.2/tools/cocos2d-console/bin:/Users/hiro/work/ios/gachap/cocos2d-x/tools/cocos2d-console/bin:/Users/hiro/Applications/cocos2d-x-3.2/tools/cocos2d-console/bin:/Applications/:/Users/hiro/bin:/usr/local/bin:/Users/hiro/CodeSourcery/Sourcery_G++_Lite/bin:/Users/hiro/.rbenv/shims:/usr/local/bin:/usr/bin:/bin:/usr/sbin:/sbin:/opt/X11/bin:/usr/texbin:/usr/local/sbin:/usr/local/bin:/usr/bin:/opt/grass/bin:/opt/grass/scripts:/opt/java/bin:/opt/java/db/bin:/opt/java/jre/bin:/usr/bin/site_perl:/usr/bin/vendor_perl:/usr/bin/core_perl:/Users/hiro/.gem/ruby/2.1.0/bin:/Users/hiro/.rbenv:/Users/hiro/.rvm/bin:/opt/android-ndk-r10d:/Users/hiro/phalcon-tools:/Users/hiro/Applications/android-sdk-macosx/platform-tools:/Users/hiro/bin/
LD_LIBRARY_PATH=/Users/hiro/torch/install/lib:
SHELL=/bin/zsh
DISPLAY=/private/tmp/com.apple.launchd.vC7TlUOEMS/org.macosforge.xquartz:0
DYLD_LIBRARY_PATH=/Users/hiro/torch/install/lib:
DYLD_FALLBACK_LIBRARY_PATH=/opt/local/lib

Signal Handlers:
SIGSEGV: [libjvm.dylib+0x57a0e7], sa_mask[0]=11111111011111110111111111111111, sa_flags=SA_ONSTACK|SA_RESTART|SA_SIGINFO
SIGBUS: [libjvm.dylib+0x57a0e7], sa_mask[0]=11111111011111110111111111111111, sa_flags=SA_RESTART|SA_SIGINFO
SIGFPE: [libjvm.dylib+0x45af24], sa_mask[0]=11111111011111110111111111111111, sa_flags=SA_RESTART|SA_SIGINFO
SIGPIPE: [libjvm.dylib+0x45af24], sa_mask[0]=11111111011111110111111111111111, sa_flags=SA_RESTART|SA_SIGINFO
SIGXFSZ: [libjvm.dylib+0x45af24], sa_mask[0]=11111111011111110111111111111111, sa_flags=SA_RESTART|SA_SIGINFO
SIGILL: [libjvm.dylib+0x45af24], sa_mask[0]=11111111011111110111111111111111, sa_flags=SA_RESTART|SA_SIGINFO
SIGUSR1: SIG_DFL, sa_mask[0]=00000000000000000000000000000000, sa_flags=none
SIGUSR2: [libjvm.dylib+0x45aa42], sa_mask[0]=00100000000000000000000000000000, sa_flags=SA_RESTART|SA_SIGINFO
SIGHUP: [libjvm.dylib+0x459015], sa_mask[0]=11111111011111110111111111111111, sa_flags=SA_RESTART|SA_SIGINFO
SIGINT: [libjvm.dylib+0x459015], sa_mask[0]=11111111011111110111111111111111, sa_flags=SA_RESTART|SA_SIGINFO
SIGTERM: [libjvm.dylib+0x459015], sa_mask[0]=11111111011111110111111111111111, sa_flags=SA_RESTART|SA_SIGINFO
SIGQUIT: [libjvm.dylib+0x459015], sa_mask[0]=11111111011111110111111111111111, sa_flags=SA_RESTART|SA_SIGINFO


---------------  S Y S T E M  ---------------

OS:Bsduname:Darwin 14.3.0 Darwin Kernel Version 14.3.0: Mon Mar 23 11:59:05 PDT 2015; root:xnu-2782.20.48~5/RELEASE_X86_64 x86_64
rlimit: STACK 8192k, CORE 0k, NPROC 709, NOFILE 10240, AS infinity
load average:3.03 2.69 2.46

CPU:total 8 (4 cores per cpu, 2 threads per core) family 6 model 70 stepping 1, cmov, cx8, fxsr, mmx, sse, sse2, sse3, ssse3, sse4.1, sse4.2, popcnt, avx, avx2, aes, clmul, erms, rtm, lzcnt, ht, tsc, tscinvbit, bmi1, bmi2

Memory: 4k page, physical 16777216k(1910780k free)

/proc/meminfo:


vm_info: Java HotSpot(TM) 64-Bit Server VM (25.31-b07) for bsd-amd64 JRE (1.8.0_31-b13), built on Dec 17 2014 20:45:36 by "java_re" with gcc 4.2.1 (Based on Apple Inc. build 5658) (LLVM build 2336.11.00)

time: Fri Jun 26 18:31:40 2015
elapsed time: 789 seconds (0d 0h 13m 9s)

